0 info it worked if it ends with ok
1 verbose cli [ '/usr/local/Cellar/node/0.10.20/bin/node',
1 verbose cli   '/usr/local/bin/npm',
1 verbose cli   'publish' ]
2 info using npm@1.3.11
3 info using node@v0.10.20
4 verbose publish [ '.' ]
5 verbose cache add [ '.', null ]
6 verbose cache add name=undefined spec="." args=[".",null]
7 verbose parsed url { protocol: null,
7 verbose parsed url   slashes: null,
7 verbose parsed url   auth: null,
7 verbose parsed url   host: null,
7 verbose parsed url   port: null,
7 verbose parsed url   hostname: null,
7 verbose parsed url   hash: null,
7 verbose parsed url   search: null,
7 verbose parsed url   query: null,
7 verbose parsed url   pathname: '.',
7 verbose parsed url   path: '.',
7 verbose parsed url   href: '.' }
8 silly lockFile 3a52ce78- .
9 verbose lock . /Users/willayers/.npm/3a52ce78-.lock
10 verbose tar pack [ '/var/folders/ml/_gj0rkjj6yx5x8lwdhx9fnsh0000gn/T/npm-12566-uKr4e0_o/1381523810714-0.20772515377029777/tmp.tgz',
10 verbose tar pack   '.' ]
11 verbose tarball /var/folders/ml/_gj0rkjj6yx5x8lwdhx9fnsh0000gn/T/npm-12566-uKr4e0_o/1381523810714-0.20772515377029777/tmp.tgz
12 verbose folder .
13 silly lockFile 1f1177db-tar tar://.
14 verbose lock tar://. /Users/willayers/.npm/1f1177db-tar.lock
15 silly lockFile 3cecc4c6-0714-0-20772515377029777-tmp-tgz tar:///var/folders/ml/_gj0rkjj6yx5x8lwdhx9fnsh0000gn/T/npm-12566-uKr4e0_o/1381523810714-0.20772515377029777/tmp.tgz
16 verbose lock tar:///var/folders/ml/_gj0rkjj6yx5x8lwdhx9fnsh0000gn/T/npm-12566-uKr4e0_o/1381523810714-0.20772515377029777/tmp.tgz /Users/willayers/.npm/3cecc4c6-0714-0-20772515377029777-tmp-tgz.lock
17 silly lockFile 1f1177db-tar tar://.
18 silly lockFile 1f1177db-tar tar://.
19 silly lockFile 3cecc4c6-0714-0-20772515377029777-tmp-tgz tar:///var/folders/ml/_gj0rkjj6yx5x8lwdhx9fnsh0000gn/T/npm-12566-uKr4e0_o/1381523810714-0.20772515377029777/tmp.tgz
20 silly lockFile 3cecc4c6-0714-0-20772515377029777-tmp-tgz tar:///var/folders/ml/_gj0rkjj6yx5x8lwdhx9fnsh0000gn/T/npm-12566-uKr4e0_o/1381523810714-0.20772515377029777/tmp.tgz
21 verbose tar unpack /var/folders/ml/_gj0rkjj6yx5x8lwdhx9fnsh0000gn/T/npm-12566-uKr4e0_o/1381523810714-0.20772515377029777/tmp.tgz
22 silly lockFile 3b8fd5c7-0714-0-20772515377029777-package tar:///var/folders/ml/_gj0rkjj6yx5x8lwdhx9fnsh0000gn/T/npm-12566-uKr4e0_o/1381523810714-0.20772515377029777/package
23 verbose lock tar:///var/folders/ml/_gj0rkjj6yx5x8lwdhx9fnsh0000gn/T/npm-12566-uKr4e0_o/1381523810714-0.20772515377029777/package /Users/willayers/.npm/3b8fd5c7-0714-0-20772515377029777-package.lock
24 silly lockFile 3cecc4c6-0714-0-20772515377029777-tmp-tgz tar:///var/folders/ml/_gj0rkjj6yx5x8lwdhx9fnsh0000gn/T/npm-12566-uKr4e0_o/1381523810714-0.20772515377029777/tmp.tgz
25 verbose lock tar:///var/folders/ml/_gj0rkjj6yx5x8lwdhx9fnsh0000gn/T/npm-12566-uKr4e0_o/1381523810714-0.20772515377029777/tmp.tgz /Users/willayers/.npm/3cecc4c6-0714-0-20772515377029777-tmp-tgz.lock
26 silly gunzTarPerm modes [ '755', '644' ]
27 silly gunzTarPerm extractEntry package.json
28 silly gunzTarPerm extractEntry README.md
29 silly gunzTarPerm extractEntry bin/cobalt.js
30 silly gunzTarPerm extractEntry lib/cobalt.js
31 silly gunzTarPerm extractEntry test/test.js
32 silly lockFile 3b8fd5c7-0714-0-20772515377029777-package tar:///var/folders/ml/_gj0rkjj6yx5x8lwdhx9fnsh0000gn/T/npm-12566-uKr4e0_o/1381523810714-0.20772515377029777/package
33 silly lockFile 3b8fd5c7-0714-0-20772515377029777-package tar:///var/folders/ml/_gj0rkjj6yx5x8lwdhx9fnsh0000gn/T/npm-12566-uKr4e0_o/1381523810714-0.20772515377029777/package
34 silly lockFile 3cecc4c6-0714-0-20772515377029777-tmp-tgz tar:///var/folders/ml/_gj0rkjj6yx5x8lwdhx9fnsh0000gn/T/npm-12566-uKr4e0_o/1381523810714-0.20772515377029777/tmp.tgz
35 silly lockFile 3cecc4c6-0714-0-20772515377029777-tmp-tgz tar:///var/folders/ml/_gj0rkjj6yx5x8lwdhx9fnsh0000gn/T/npm-12566-uKr4e0_o/1381523810714-0.20772515377029777/tmp.tgz
36 verbose tar pack [ '/Users/willayers/.npm/cobalt/0.0.2/package.tgz',
36 verbose tar pack   '/var/folders/ml/_gj0rkjj6yx5x8lwdhx9fnsh0000gn/T/npm-12566-uKr4e0_o/1381523810714-0.20772515377029777/package' ]
37 verbose tarball /Users/willayers/.npm/cobalt/0.0.2/package.tgz
38 verbose folder /var/folders/ml/_gj0rkjj6yx5x8lwdhx9fnsh0000gn/T/npm-12566-uKr4e0_o/1381523810714-0.20772515377029777/package
39 silly lockFile 3b8fd5c7-0714-0-20772515377029777-package tar:///var/folders/ml/_gj0rkjj6yx5x8lwdhx9fnsh0000gn/T/npm-12566-uKr4e0_o/1381523810714-0.20772515377029777/package
40 verbose lock tar:///var/folders/ml/_gj0rkjj6yx5x8lwdhx9fnsh0000gn/T/npm-12566-uKr4e0_o/1381523810714-0.20772515377029777/package /Users/willayers/.npm/3b8fd5c7-0714-0-20772515377029777-package.lock
41 silly lockFile fcab22dd-ers-npm-cobalt-0-0-2-package-tgz tar:///Users/willayers/.npm/cobalt/0.0.2/package.tgz
42 verbose lock tar:///Users/willayers/.npm/cobalt/0.0.2/package.tgz /Users/willayers/.npm/fcab22dd-ers-npm-cobalt-0-0-2-package-tgz.lock
43 silly lockFile 3b8fd5c7-0714-0-20772515377029777-package tar:///var/folders/ml/_gj0rkjj6yx5x8lwdhx9fnsh0000gn/T/npm-12566-uKr4e0_o/1381523810714-0.20772515377029777/package
44 silly lockFile 3b8fd5c7-0714-0-20772515377029777-package tar:///var/folders/ml/_gj0rkjj6yx5x8lwdhx9fnsh0000gn/T/npm-12566-uKr4e0_o/1381523810714-0.20772515377029777/package
45 silly lockFile fcab22dd-ers-npm-cobalt-0-0-2-package-tgz tar:///Users/willayers/.npm/cobalt/0.0.2/package.tgz
46 silly lockFile fcab22dd-ers-npm-cobalt-0-0-2-package-tgz tar:///Users/willayers/.npm/cobalt/0.0.2/package.tgz
47 silly lockFile 8303de2a-llayers-npm-cobalt-0-0-2-package /Users/willayers/.npm/cobalt/0.0.2/package
48 verbose lock /Users/willayers/.npm/cobalt/0.0.2/package /Users/willayers/.npm/8303de2a-llayers-npm-cobalt-0-0-2-package.lock
49 silly lockFile 8303de2a-llayers-npm-cobalt-0-0-2-package /Users/willayers/.npm/cobalt/0.0.2/package
50 silly lockFile 8303de2a-llayers-npm-cobalt-0-0-2-package /Users/willayers/.npm/cobalt/0.0.2/package
51 verbose tar unpack /Users/willayers/.npm/cobalt/0.0.2/package.tgz
52 silly lockFile 217964b6-llayers-npm-cobalt-0-0-2-package tar:///Users/willayers/.npm/cobalt/0.0.2/package
53 verbose lock tar:///Users/willayers/.npm/cobalt/0.0.2/package /Users/willayers/.npm/217964b6-llayers-npm-cobalt-0-0-2-package.lock
54 silly lockFile fcab22dd-ers-npm-cobalt-0-0-2-package-tgz tar:///Users/willayers/.npm/cobalt/0.0.2/package.tgz
55 verbose lock tar:///Users/willayers/.npm/cobalt/0.0.2/package.tgz /Users/willayers/.npm/fcab22dd-ers-npm-cobalt-0-0-2-package-tgz.lock
56 silly gunzTarPerm modes [ '755', '644' ]
57 silly gunzTarPerm extractEntry package.json
58 silly gunzTarPerm extractEntry README.md
59 silly gunzTarPerm extractEntry bin/cobalt.js
60 silly gunzTarPerm extractEntry lib/cobalt.js
61 silly gunzTarPerm extractEntry test/test.js
62 silly lockFile 217964b6-llayers-npm-cobalt-0-0-2-package tar:///Users/willayers/.npm/cobalt/0.0.2/package
63 silly lockFile 217964b6-llayers-npm-cobalt-0-0-2-package tar:///Users/willayers/.npm/cobalt/0.0.2/package
64 silly lockFile fcab22dd-ers-npm-cobalt-0-0-2-package-tgz tar:///Users/willayers/.npm/cobalt/0.0.2/package.tgz
65 silly lockFile fcab22dd-ers-npm-cobalt-0-0-2-package-tgz tar:///Users/willayers/.npm/cobalt/0.0.2/package.tgz
66 verbose chmod /Users/willayers/.npm/cobalt/0.0.2/package.tgz 644
67 verbose chown /Users/willayers/.npm/cobalt/0.0.2/package.tgz [ 501, 20 ]
68 silly lockFile 3a52ce78- .
69 silly lockFile 3a52ce78- .
70 silly publish { author: { name: 'will ayers' },
70 silly publish   name: 'cobalt',
70 silly publish   description: 'Node coomandline application to run cobalt related functions including setting up new projects',
70 silly publish   version: '0.0.2',
70 silly publish   repository: { url: 'git@github.com:motive-media/cobalt-node.git' },
70 silly publish   main: './lib/main',
70 silly publish   bin: { cobalt: './bin/cobalt' },
70 silly publish   dependencies: {},
70 silly publish   devDependencies: {},
70 silly publish   optionalDependencies: {},
70 silly publish   engines: { node: '*' },
70 silly publish   scripts: { test: 'test/test.js' },
70 silly publish   keywords: [ 'cobalt' ],
70 silly publish   license: '(BSD) MIT',
70 silly publish   readme: 'ERROR: No README data found!',
70 silly publish   readmeFilename: 'README.md',
70 silly publish   bugs: { url: 'https://github.com/motive-media/cobalt-node/issues' },
70 silly publish   _id: 'cobalt@0.0.2',
70 silly publish   dist: { shasum: 'f8129b13c96877d37c3612fdcad1bb5b60fd5038' },
70 silly publish   _from: '.' }
71 verbose url raw cobalt
72 verbose url resolving [ 'https://registry.npmjs.org/', './cobalt' ]
73 verbose url resolved https://registry.npmjs.org/cobalt
74 info trying registry request attempt 1 at 14:36:51
75 http PUT https://registry.npmjs.org/cobalt
76 http 409 https://registry.npmjs.org/cobalt
77 verbose url raw cobalt
78 verbose url resolving [ 'https://registry.npmjs.org/', './cobalt' ]
79 verbose url resolved https://registry.npmjs.org/cobalt
80 info trying registry request attempt 1 at 14:36:52
81 http GET https://registry.npmjs.org/cobalt
82 http 200 https://registry.npmjs.org/cobalt
83 verbose uploading [ 'cobalt/-/cobalt-0.0.2.tgz/-rev/3-ee41d0fa0ff9babfa2a43d6d4085945c',
83 verbose uploading   '/Users/willayers/.npm/cobalt/0.0.2/package.tgz' ]
84 verbose url raw cobalt/-/cobalt-0.0.2.tgz/-rev/3-ee41d0fa0ff9babfa2a43d6d4085945c
85 verbose url resolving [ 'https://registry.npmjs.org/',
85 verbose url resolving   './cobalt/-/cobalt-0.0.2.tgz/-rev/3-ee41d0fa0ff9babfa2a43d6d4085945c' ]
86 verbose url resolved https://registry.npmjs.org/cobalt/-/cobalt-0.0.2.tgz/-rev/3-ee41d0fa0ff9babfa2a43d6d4085945c
87 info trying registry request attempt 1 at 14:36:52
88 http PUT https://registry.npmjs.org/cobalt/-/cobalt-0.0.2.tgz/-rev/3-ee41d0fa0ff9babfa2a43d6d4085945c
89 http 403 https://registry.npmjs.org/cobalt/-/cobalt-0.0.2.tgz/-rev/3-ee41d0fa0ff9babfa2a43d6d4085945c
90 info trying registry request attempt 1 at 14:36:53
91 http PUT https://registry.npmjs.org/cobalt/-/cobalt-0.0.2.tgz/-rev/3-ee41d0fa0ff9babfa2a43d6d4085945c
92 http 403 https://registry.npmjs.org/cobalt/-/cobalt-0.0.2.tgz/-rev/3-ee41d0fa0ff9babfa2a43d6d4085945c
93 error publish Error uploading package
94 error Error: forbidden user: cointilt not authorized to modify cobalt
94 error Added: _attachments.cobalt-0.0.2.tgz: cobalt/-/cobalt-0.0.2.tgz/-rev/3-ee41d0fa0ff9babfa2a43d6d4085945c
94 error     at RegClient.<anonymous> (/usr/local/Cellar/node/0.10.20/lib/node_modules/npm/node_modules/npm-registry-client/lib/request.js:272:14)
94 error     at Request.self.callback (/usr/local/Cellar/node/0.10.20/lib/node_modules/npm/node_modules/request/request.js:129:22)
94 error     at Request.EventEmitter.emit (events.js:98:17)
94 error     at Request.<anonymous> (/usr/local/Cellar/node/0.10.20/lib/node_modules/npm/node_modules/request/request.js:873:14)
94 error     at Request.EventEmitter.emit (events.js:117:20)
94 error     at IncomingMessage.<anonymous> (/usr/local/Cellar/node/0.10.20/lib/node_modules/npm/node_modules/request/request.js:824:12)
94 error     at IncomingMessage.EventEmitter.emit (events.js:117:20)
94 error     at _stream_readable.js:920:16
94 error     at process._tickCallback (node.js:415:13)
95 error If you need help, you may report this log at:
95 error     <http://github.com/isaacs/npm/issues>
95 error or email it to:
95 error     <npm-@googlegroups.com>
96 error System Darwin 12.5.0
97 error command "/usr/local/Cellar/node/0.10.20/bin/node" "/usr/local/bin/npm" "publish"
98 error cwd /Users/willayers/Sites/dev/cobalt-node
99 error node -v v0.10.20
100 error npm -v 1.3.11
101 verbose exit [ 1, true ]
